  Main.cpp
  MatrixSearch.cpp
  SearchResult.cpp
Main.obj : error LNK2001: unresolved external symbol "public: __thiscall EncryptedMatrix::~EncryptedMatrix(void)" (??1EncryptedMatrix@@QAE@XZ)
Main.obj : error LNK2001: unresolved external symbol "public: __thiscall EncryptedMatrix::EncryptedMatrix(class std::basic_string<char,struct std::char_traits<char>,class std::allocator<char> >,bool)" (??0EncryptedMatrix@@QAE@V?$basic_string@DU?$char_traits@D@std@@V?$allocator@D@2@@std@@_N@Z)
Main.obj : error LNK2001: unresolved external symbol "public: static bool __cdecl StringUtils::CheckFileName(class std::basic_string<char,struct std::char_traits<char>,class std::allocator<char> > const &,class std::basic_string<char,struct std::char_traits<char>,class std::allocator<char> > const &)" (?CheckFileName@StringUtils@@SA_NABV?$basic_string@DU?$char_traits@D@std@@V?$allocator@D@2@@std@@0@Z)
Main.obj : error LNK2001: unresolved external symbol "public: static class std::basic_string<char,struct std::char_traits<char>,class std::allocator<char> > const __cdecl StringUtils::StrParseSearchSequence(int,char * * const)" (?StrParseSearchSequence@StringUtils@@SA?BV?$basic_string@DU?$char_traits@D@std@@V?$allocator@D@2@@std@@HQAPAD@Z)
Main.obj : error LNK2001: unresolved external symbol "public: static class std::basic_string<char,struct std::char_traits<char>,class std::allocator<char> > const __cdecl StringUtils::StrParseSearchSequence(class std::vector<class std::basic_string<char,struct std::char_traits<char>,class std::allocator<char> >,class std::allocator<class std::basic_string<char,struct std::char_traits<char>,class std::allocator<char> > > > &,bool)" (?StrParseSearchSequence@StringUtils@@SA?BV?$basic_string@DU?$char_traits@D@std@@V?$allocator@D@2@@std@@AAV?$vector@V?$basic_string@DU?$char_traits@D@std@@V?$allocator@D@2@@std@@V?$allocator@V?$basic_string@DU?$char_traits@D@std@@V?$allocator@D@2@@std@@@2@@3@_N@Z)
Main.obj : error LNK2001: unresolved external symbol "public: static class std::vector<int,class std::allocator<int> > const __cdecl StringUtils::IntParseSearchSequence(int,char * * const)" (?IntParseSearchSequence@StringUtils@@SA?BV?$vector@HV?$allocator@H@std@@@std@@HQAPAD@Z)
Main.obj : error LNK2001: unresolved external symbol "public: static class std::vector<int,class std::allocator<int> > const __cdecl StringUtils::IntParseSearchSequence(class std::vector<class std::basic_string<char,struct std::char_traits<char>,class std::allocator<char> >,class std::allocator<class std::basic_string<char,struct std::char_traits<char>,class std::allocator<char> > > > &,bool)" (?IntParseSearchSequence@StringUtils@@SA?BV?$vector@HV?$allocator@H@std@@@std@@AAV?$vector@V?$basic_string@DU?$char_traits@D@std@@V?$allocator@D@2@@std@@V?$allocator@V?$basic_string@DU?$char_traits@D@std@@V?$allocator@D@2@@std@@@2@@3@_N@Z)
Main.obj : error LNK2001: unresolved external symbol "public: static class std::vector<class std::basic_string<char,struct std::char_traits<char>,class std::allocator<char> >,class std::allocator<class std::basic_string<char,struct std::char_traits<char>,class std::allocator<char> > > > __cdecl StringUtils::Split(class std::basic_string<char,struct std::char_traits<char>,class std::allocator<char> > const &,char)" (?Split@StringUtils@@SA?AV?$vector@V?$basic_string@DU?$char_traits@D@std@@V?$allocator@D@2@@std@@V?$allocator@V?$basic_string@DU?$char_traits@D@std@@V?$allocator@D@2@@std@@@2@@std@@ABV?$basic_string@DU?$char_traits@D@std@@V?$allocator@D@2@@3@D@Z)
Main.obj : error LNK2001: unresolved external symbol "public: static bool __cdecl StringUtils::TryParse(class std::basic_string<char,struct std::char_traits<char>,class std::allocator<char> >,int &)" (?TryParse@StringUtils@@SA_NV?$basic_string@DU?$char_traits@D@std@@V?$allocator@D@2@@std@@AAH@Z)
MatrixSearch.obj : error LNK2001: unresolved external symbol "public: int const __thiscall ElemData::Pos(void)const " (?Pos@ElemData@@QBE?BHXZ)
MatrixSearch.obj : error LNK2001: unresolved external symbol "public: int const __thiscall ElemData::Num(void)const " (?Num@ElemData@@QBE?BHXZ)
MatrixSearch.obj : error LNK2001: unresolved external symbol "public: int const __thiscall ElemData::Row(void)const " (?Row@ElemData@@QBE?BHXZ)
MatrixSearch.obj : error LNK2001: unresolved external symbol "public: class std::vector<int,class std::allocator<int> > const __thiscall EncryptedMatrix::GetRowData(unsigned int)const " (?GetRowData@EncryptedMatrix@@QBE?BV?$vector@HV?$allocator@H@std@@@std@@I@Z)
MatrixSearch.obj : error LNK2001: unresolved external symbol "public: class ElemData const & __thiscall EncryptedMatrix::GetElemOld(unsigned int)const " (?GetElemOld@EncryptedMatrix@@QBEABVElemData@@I@Z)
MatrixSearch.obj : error LNK2001: unresolved external symbol "public: class ElemData const & __thiscall EncryptedMatrix::operator[](unsigned int)const " (??AEncryptedMatrix@@QBEABVElemData@@I@Z)
MatrixSearch.obj : error LNK2001: unresolved external symbol "public: class std::vector<class ElemData,class std::allocator<class ElemData> > const & __thiscall EncryptedMatrix::GetOldSortedMatrixData(void)const " (?GetOldSortedMatrixData@EncryptedMatrix@@QBEABV?$vector@VElemData@@V?$allocator@VElemData@@@std@@@std@@XZ)
MatrixSearch.obj : error LNK2001: unresolved external symbol "public: class std::vector<class ElemData,class std::allocator<class ElemData> > const & __thiscall EncryptedMatrix::GetSortedMatrixData(void)const " (?GetSortedMatrixData@EncryptedMatrix@@QBEABV?$vector@VElemData@@V?$allocator@VElemData@@@std@@@std@@XZ)
MatrixSearch.obj : error LNK2001: unresolved external symbol "public: unsigned int const __thiscall EncryptedMatrix::Col(void)const " (?Col@EncryptedMatrix@@QBE?BIXZ)
MatrixSearch.obj : error LNK2001: unresolved external symbol "public: unsigned int const __thiscall EncryptedMatrix::Row(void)const " (?Row@EncryptedMatrix@@QBE?BIXZ)
MatrixSearch.obj : error LNK2001: unresolved external symbol "public: class ElemData const __thiscall OrderedElemData::Data(void)const " (?Data@OrderedElemData@@QBE?BVElemData@@XZ)
MatrixSearch.obj : error LNK2001: unresolved external symbol "public: int const __thiscall OrderedElemData::Pos(void)const " (?Pos@OrderedElemData@@QBE?BHXZ)
MatrixSearch.obj : error LNK2001: unresolved external symbol "public: __thiscall OrderedElemData::OrderedElemData(int,class ElemData)" (??0OrderedElemData@@QAE@HVElemData@@@Z)
MatrixSearch.obj : error LNK2001: unresolved external symbol "public: static int __cdecl StringUtils::SafeConvertUnsigned(unsigned int,int)" (?SafeConvertUnsigned@StringUtils@@SAHIH@Z)
MatrixSearch.obj : error LNK2001: unresolved external symbol "public: static int __cdecl StringUtils::ConvertToMicroseconds(double)" (?ConvertToMicroseconds@StringUtils@@SAHN@Z)
MatrixSearch.obj : error LNK2001: unresolved external symbol "public: static class std::basic_string<char,struct std::char_traits<char>,class std::allocator<char> > const __cdecl StringUtils::StringList(class std::vector<int,class std::allocator<int> > const &,class std::basic_string<char,struct std::char_traits<char>,class std::allocator<char> >)" (?StringList@StringUtils@@SA?BV?$basic_string@DU?$char_traits@D@std@@V?$allocator@D@2@@std@@ABV?$vector@HV?$allocator@H@std@@@3@V23@@Z)
SearchResult.obj : error LNK2001: unresolved external symbol "public: void __thiscall ElemData::Set(int,int)" (?Set@ElemData@@QAEXHH@Z)
SearchResult.obj : error LNK2001: unresolved external symbol "public: __thiscall ElemData::ElemData(int,int)" (??0ElemData@@QAE@HH@Z)
E:\K Drive\DigiPen\Netvirta\Netvirta_Challenge_Project_Sihao\Netvirta_Challenge_Project_Sihao\Release\Matrix Search.exe : fatal error LNK1120: 27 unresolved externals
